2021-12-01:02:29:22,942 DEBUG    [node.py:1480] {'nodes': [{'host': 'localhost', 'port': 30001}, {'host': 'localhost', 'port': 30002}, {'host': 'localhost', 'port': 30003}, {'host': 'localhost', 'port': 30004}], 'clients': [{'host': 'localhost', 'port': 20030}], 'loss%': 0, 'ckpt_interval': 1, 'retry_times_before_view_change': 2, 'sync_interval': 5, 'misc': {'network_timeout': 100}}
2021-12-01:02:29:22,945 INFO     [node.py:183] ---> 3: Create checkpoint.
2021-12-01:02:29:22,955 DEBUG    [selector_events.py:59] Using selector: EpollSelector
2021-12-01:02:29:22,959 DEBUG    [selector_events.py:59] Using selector: EpollSelector
2021-12-01:02:29:23,71 ERROR    [base_events.py:1707] Task was destroyed but it is pending!
task: <Task pending name='Task-1' coro=<PBFTHandler.synchronize() running at ./node.py:1163>>
2021-12-01:02:29:23,71 ERROR    [base_events.py:1707] Task was destroyed but it is pending!
task: <Task pending name='Task-2' coro=<PBFTHandler.garbage_collection() running at ./node.py:1360>>
2021-12-01:02:29:35,138 INFO     [node.py:836] ---> 3: ################## COMMIT START ###################
2021-12-01:02:29:35,146 INFO     [node.py:838] ---> 3: receive prepare msg from 0
2021-12-01:02:29:35,147 INFO     [node.py:849] ---> 3: on commit
2021-12-01:02:29:35,172 INFO     [node.py:836] ---> 3: ################## COMMIT START ###################
2021-12-01:02:29:35,173 INFO     [node.py:838] ---> 3: receive prepare msg from 1
2021-12-01:02:29:35,173 INFO     [node.py:849] ---> 3: on commit
2021-12-01:02:29:35,242 INFO     [node.py:895] ---> 3: ################## REPLY START ###################
2021-12-01:02:29:35,243 INFO     [node.py:897] ---> 3: on reply
2021-12-01:02:29:35,243 INFO     [node.py:905] ---> 3: receive commit msg from 0
2021-12-01:02:29:35,279 INFO     [node.py:895] ---> 3: ################## REPLY START ###################
2021-12-01:02:29:35,280 INFO     [node.py:897] ---> 3: on reply
2021-12-01:02:29:35,280 INFO     [node.py:905] ---> 3: receive commit msg from 1
2021-12-01:02:29:35,350 INFO     [node.py:1066] ---> 3: receive checkpoint vote.
2021-12-01:02:29:35,353 DEBUG    [node.py:225] ---> 3: Receive checkpoint votes
2021-12-01:02:29:35,421 INFO     [node.py:1066] ---> 3: receive checkpoint vote.
2021-12-01:02:29:35,423 DEBUG    [node.py:225] ---> 3: Receive checkpoint votes
2021-12-01:02:29:35,499 INFO     [node.py:1066] ---> 3: receive checkpoint vote.
2021-12-01:02:29:35,499 DEBUG    [node.py:225] ---> 3: Receive checkpoint votes
2021-12-01:02:29:35,499 INFO     [node.py:239] ---> 3: Update checkpoint by receiving votes
2021-12-01:02:29:35,546 INFO     [node.py:895] ---> 3: ################## REPLY START ###################
2021-12-01:02:29:35,546 INFO     [node.py:897] ---> 3: on reply
2021-12-01:02:29:35,546 INFO     [node.py:905] ---> 3: receive commit msg from 2
2021-12-01:02:29:35,546 DEBUG    [node.py:930] Add commit certifiacte to slot 0
2021-12-01:02:29:35,547 DEBUG    [node.py:276] sending request to 0, receive_ckpt_vote
2021-12-01:02:29:35,558 DEBUG    [node.py:276] sending request to 1, receive_ckpt_vote
2021-12-01:02:29:35,566 DEBUG    [node.py:276] sending request to 2, receive_ckpt_vote
2021-12-01:02:29:35,586 DEBUG    [node.py:276] sending request to 3, receive_ckpt_vote
2021-12-01:02:29:35,610 INFO     [node.py:1066] ---> 3: receive checkpoint vote.
2021-12-01:02:29:35,611 DEBUG    [node.py:225] ---> 3: Receive checkpoint votes
2021-12-01:02:29:35,616 INFO     [node.py:949] ---> 3: Propose checkpoint with last slot: 0. In addition, current checkpoint's next_slot is: 1
2021-12-01:02:29:35,620 ERROR    [node.py:961] Send message failed to http://localhost:20030/reply
2021-12-01:02:29:35,625 INFO     [node.py:836] ---> 3: ################## COMMIT START ###################
2021-12-01:02:29:35,625 INFO     [node.py:838] ---> 3: receive prepare msg from 2
2021-12-01:02:29:35,626 INFO     [node.py:849] ---> 3: on commit
2021-12-01:02:29:35,626 DEBUG    [node.py:639] make request to 0, reply
2021-12-01:02:29:35,635 DEBUG    [node.py:639] make request to 1, reply
2021-12-01:02:29:35,641 DEBUG    [node.py:639] make request to 2, reply
2021-12-01:02:29:35,648 DEBUG    [node.py:639] make request to 3, reply
2021-12-01:02:29:35,651 INFO     [node.py:895] ---> 3: ################## REPLY START ###################
2021-12-01:02:29:35,652 INFO     [node.py:897] ---> 3: on reply
2021-12-01:02:29:35,652 INFO     [node.py:905] ---> 3: receive commit msg from 3
2021-12-01:02:29:35,662 INFO     [node.py:788] ---> 3: ################## PREPARED START ###################
2021-12-01:02:29:35,663 INFO     [node.py:795] ---> 3: receive preprepare msg from 0
2021-12-01:02:29:35,663 INFO     [node.py:798] ---> 3: on prepare
2021-12-01:02:29:35,663 INFO     [node.py:815] ---> 3: -------- BROADCASTING PREPARED MESSAGE TO ALL NODES -------
2021-12-01:02:29:35,663 DEBUG    [node.py:639] make request to 0, commit
2021-12-01:02:29:35,697 INFO     [node.py:895] ---> 3: ################## REPLY START ###################
2021-12-01:02:29:35,705 INFO     [node.py:897] ---> 3: on reply
2021-12-01:02:29:35,705 INFO     [node.py:905] ---> 3: receive commit msg from 0
2021-12-01:02:29:35,714 DEBUG    [node.py:639] make request to 1, commit
2021-12-01:02:29:35,727 INFO     [node.py:895] ---> 3: ################## REPLY START ###################
2021-12-01:02:29:35,727 INFO     [node.py:897] ---> 3: on reply
2021-12-01:02:29:35,728 INFO     [node.py:905] ---> 3: receive commit msg from 1
2021-12-01:02:29:35,731 DEBUG    [node.py:639] make request to 2, commit
2021-12-01:02:29:35,757 INFO     [node.py:895] ---> 3: ################## REPLY START ###################
2021-12-01:02:29:35,757 INFO     [node.py:897] ---> 3: on reply
2021-12-01:02:29:35,757 INFO     [node.py:905] ---> 3: receive commit msg from 2
2021-12-01:02:29:35,767 DEBUG    [node.py:639] make request to 3, commit
2021-12-01:02:29:35,768 INFO     [node.py:836] ---> 3: ################## COMMIT START ###################
2021-12-01:02:29:35,770 INFO     [node.py:838] ---> 3: receive prepare msg from 3
2021-12-01:02:29:35,770 INFO     [node.py:849] ---> 3: on commit
2021-12-01:02:29:35,770 DEBUG    [node.py:639] make request to 0, reply
2021-12-01:02:29:35,780 DEBUG    [node.py:639] make request to 1, reply
2021-12-01:02:29:35,788 DEBUG    [node.py:639] make request to 2, reply
2021-12-01:02:29:35,804 DEBUG    [node.py:639] make request to 3, reply
2021-12-01:02:29:35,818 INFO     [node.py:895] ---> 3: ################## REPLY START ###################
2021-12-01:02:29:35,818 INFO     [node.py:897] ---> 3: on reply
2021-12-01:02:29:35,855 INFO     [node.py:905] ---> 3: receive commit msg from 3
2021-12-01:02:29:40,998 INFO     [node.py:836] ---> 3: ################## COMMIT START ###################
2021-12-01:02:29:40,999 INFO     [node.py:838] ---> 3: receive prepare msg from 0
2021-12-01:02:29:40,999 INFO     [node.py:849] ---> 3: on commit
2021-12-01:02:29:41,43 INFO     [node.py:836] ---> 3: ################## COMMIT START ###################
2021-12-01:02:29:41,43 INFO     [node.py:838] ---> 3: receive prepare msg from 1
2021-12-01:02:29:41,43 INFO     [node.py:849] ---> 3: on commit
2021-12-01:02:29:41,106 INFO     [node.py:895] ---> 3: ################## REPLY START ###################
2021-12-01:02:29:41,108 INFO     [node.py:897] ---> 3: on reply
2021-12-01:02:29:41,108 INFO     [node.py:905] ---> 3: receive commit msg from 0
2021-12-01:02:29:41,143 INFO     [node.py:895] ---> 3: ################## REPLY START ###################
2021-12-01:02:29:41,143 INFO     [node.py:897] ---> 3: on reply
2021-12-01:02:29:41,143 INFO     [node.py:905] ---> 3: receive commit msg from 1
2021-12-01:02:29:41,169 INFO     [node.py:1066] ---> 3: receive checkpoint vote.
2021-12-01:02:29:41,172 DEBUG    [node.py:225] ---> 3: Receive checkpoint votes
2021-12-01:02:29:41,214 INFO     [node.py:1066] ---> 3: receive checkpoint vote.
2021-12-01:02:29:41,214 DEBUG    [node.py:225] ---> 3: Receive checkpoint votes
2021-12-01:02:29:41,271 INFO     [node.py:1066] ---> 3: receive checkpoint vote.
2021-12-01:02:29:41,271 DEBUG    [node.py:225] ---> 3: Receive checkpoint votes
2021-12-01:02:29:41,271 INFO     [node.py:239] ---> 3: Update checkpoint by receiving votes
2021-12-01:02:29:41,319 INFO     [node.py:895] ---> 3: ################## REPLY START ###################
2021-12-01:02:29:41,320 INFO     [node.py:897] ---> 3: on reply
2021-12-01:02:29:41,320 INFO     [node.py:905] ---> 3: receive commit msg from 2
2021-12-01:02:29:41,320 DEBUG    [node.py:930] Add commit certifiacte to slot 1
2021-12-01:02:29:41,320 DEBUG    [node.py:276] sending request to 0, receive_ckpt_vote
2021-12-01:02:29:41,322 DEBUG    [node.py:276] sending request to 1, receive_ckpt_vote
2021-12-01:02:29:41,325 DEBUG    [node.py:276] sending request to 2, receive_ckpt_vote
2021-12-01:02:29:41,328 DEBUG    [node.py:276] sending request to 3, receive_ckpt_vote
2021-12-01:02:29:41,330 INFO     [node.py:1066] ---> 3: receive checkpoint vote.
2021-12-01:02:29:41,331 DEBUG    [node.py:225] ---> 3: Receive checkpoint votes
2021-12-01:02:29:41,332 INFO     [node.py:949] ---> 3: Propose checkpoint with last slot: 1. In addition, current checkpoint's next_slot is: 2
2021-12-01:02:29:41,361 INFO     [node.py:965] 3 reply to http://localhost:20030/reply successfully!!
2021-12-01:02:29:41,364 INFO     [node.py:836] ---> 3: ################## COMMIT START ###################
2021-12-01:02:29:41,364 INFO     [node.py:838] ---> 3: receive prepare msg from 2
2021-12-01:02:29:41,364 INFO     [node.py:849] ---> 3: on commit
2021-12-01:02:29:41,364 DEBUG    [node.py:639] make request to 0, reply
2021-12-01:02:29:41,367 DEBUG    [node.py:639] make request to 1, reply
2021-12-01:02:29:41,382 DEBUG    [node.py:639] make request to 2, reply
2021-12-01:02:29:41,395 DEBUG    [node.py:639] make request to 3, reply
2021-12-01:02:29:41,397 INFO     [node.py:895] ---> 3: ################## REPLY START ###################
2021-12-01:02:29:41,397 INFO     [node.py:897] ---> 3: on reply
2021-12-01:02:29:41,397 INFO     [node.py:905] ---> 3: receive commit msg from 3
2021-12-01:02:29:41,401 INFO     [node.py:788] ---> 3: ################## PREPARED START ###################
2021-12-01:02:29:41,401 INFO     [node.py:795] ---> 3: receive preprepare msg from 0
2021-12-01:02:29:41,401 INFO     [node.py:798] ---> 3: on prepare
2021-12-01:02:29:41,401 INFO     [node.py:815] ---> 3: -------- BROADCASTING PREPARED MESSAGE TO ALL NODES -------
2021-12-01:02:29:41,401 DEBUG    [node.py:639] make request to 0, commit
2021-12-01:02:29:41,446 INFO     [node.py:895] ---> 3: ################## REPLY START ###################
2021-12-01:02:29:41,447 INFO     [node.py:897] ---> 3: on reply
2021-12-01:02:29:41,447 INFO     [node.py:905] ---> 3: receive commit msg from 0
2021-12-01:02:29:41,449 DEBUG    [node.py:639] make request to 1, commit
2021-12-01:02:29:41,482 INFO     [node.py:895] ---> 3: ################## REPLY START ###################
2021-12-01:02:29:41,486 INFO     [node.py:897] ---> 3: on reply
2021-12-01:02:29:41,487 INFO     [node.py:905] ---> 3: receive commit msg from 1
2021-12-01:02:29:41,488 DEBUG    [node.py:639] make request to 2, commit
2021-12-01:02:29:41,514 INFO     [node.py:895] ---> 3: ################## REPLY START ###################
2021-12-01:02:29:41,515 INFO     [node.py:897] ---> 3: on reply
2021-12-01:02:29:41,515 INFO     [node.py:905] ---> 3: receive commit msg from 2
2021-12-01:02:29:41,519 DEBUG    [node.py:639] make request to 3, commit
2021-12-01:02:29:41,520 INFO     [node.py:836] ---> 3: ################## COMMIT START ###################
2021-12-01:02:29:41,520 INFO     [node.py:838] ---> 3: receive prepare msg from 3
2021-12-01:02:29:41,520 INFO     [node.py:849] ---> 3: on commit
2021-12-01:02:29:41,521 DEBUG    [node.py:639] make request to 0, reply
2021-12-01:02:29:41,530 DEBUG    [node.py:639] make request to 1, reply
2021-12-01:02:29:41,535 DEBUG    [node.py:639] make request to 2, reply
2021-12-01:02:29:41,549 DEBUG    [node.py:639] make request to 3, reply
2021-12-01:02:29:41,551 INFO     [node.py:895] ---> 3: ################## REPLY START ###################
2021-12-01:02:29:41,551 INFO     [node.py:897] ---> 3: on reply
2021-12-01:02:29:41,552 INFO     [node.py:905] ---> 3: receive commit msg from 3
2021-12-01:02:29:46,618 INFO     [node.py:836] ---> 3: ################## COMMIT START ###################
2021-12-01:02:29:46,619 INFO     [node.py:838] ---> 3: receive prepare msg from 0
2021-12-01:02:29:46,619 INFO     [node.py:849] ---> 3: on commit
2021-12-01:02:29:46,660 INFO     [node.py:836] ---> 3: ################## COMMIT START ###################
2021-12-01:02:29:46,662 INFO     [node.py:838] ---> 3: receive prepare msg from 1
2021-12-01:02:29:46,663 INFO     [node.py:849] ---> 3: on commit
2021-12-01:02:29:46,696 INFO     [node.py:895] ---> 3: ################## REPLY START ###################
2021-12-01:02:29:46,696 INFO     [node.py:897] ---> 3: on reply
2021-12-01:02:29:46,696 INFO     [node.py:905] ---> 3: receive commit msg from 0
2021-12-01:02:29:46,730 INFO     [node.py:895] ---> 3: ################## REPLY START ###################
2021-12-01:02:29:46,730 INFO     [node.py:897] ---> 3: on reply
2021-12-01:02:29:46,731 INFO     [node.py:905] ---> 3: receive commit msg from 1
2021-12-01:02:29:46,777 INFO     [node.py:1066] ---> 3: receive checkpoint vote.
2021-12-01:02:29:46,777 DEBUG    [node.py:225] ---> 3: Receive checkpoint votes
2021-12-01:02:29:46,851 INFO     [node.py:1066] ---> 3: receive checkpoint vote.
2021-12-01:02:29:46,855 DEBUG    [node.py:225] ---> 3: Receive checkpoint votes
2021-12-01:02:29:46,917 INFO     [node.py:1066] ---> 3: receive checkpoint vote.
2021-12-01:02:29:46,932 DEBUG    [node.py:225] ---> 3: Receive checkpoint votes
2021-12-01:02:29:46,932 INFO     [node.py:239] ---> 3: Update checkpoint by receiving votes
2021-12-01:02:29:46,983 INFO     [node.py:895] ---> 3: ################## REPLY START ###################
2021-12-01:02:29:46,984 INFO     [node.py:897] ---> 3: on reply
2021-12-01:02:29:46,984 INFO     [node.py:905] ---> 3: receive commit msg from 2
2021-12-01:02:29:46,985 DEBUG    [node.py:930] Add commit certifiacte to slot 2
2021-12-01:02:29:46,985 DEBUG    [node.py:276] sending request to 0, receive_ckpt_vote
2021-12-01:02:29:46,988 DEBUG    [node.py:276] sending request to 1, receive_ckpt_vote
2021-12-01:02:29:46,992 DEBUG    [node.py:276] sending request to 2, receive_ckpt_vote
2021-12-01:02:29:46,997 DEBUG    [node.py:276] sending request to 3, receive_ckpt_vote
2021-12-01:02:29:46,999 INFO     [node.py:1066] ---> 3: receive checkpoint vote.
2021-12-01:02:29:46,999 DEBUG    [node.py:225] ---> 3: Receive checkpoint votes
2021-12-01:02:29:47,0 INFO     [node.py:949] ---> 3: Propose checkpoint with last slot: 2. In addition, current checkpoint's next_slot is: 3
2021-12-01:02:29:47,11 INFO     [node.py:965] 3 reply to http://localhost:20030/reply successfully!!
2021-12-01:02:29:47,35 INFO     [node.py:836] ---> 3: ################## COMMIT START ###################
2021-12-01:02:29:47,35 INFO     [node.py:838] ---> 3: receive prepare msg from 2
2021-12-01:02:29:47,35 INFO     [node.py:849] ---> 3: on commit
2021-12-01:02:29:47,36 DEBUG    [node.py:639] make request to 0, reply
2021-12-01:02:29:47,51 DEBUG    [node.py:639] make request to 1, reply
2021-12-01:02:29:47,65 DEBUG    [node.py:639] make request to 2, reply
2021-12-01:02:29:47,81 DEBUG    [node.py:639] make request to 3, reply
2021-12-01:02:29:47,101 INFO     [node.py:895] ---> 3: ################## REPLY START ###################
2021-12-01:02:29:47,101 INFO     [node.py:897] ---> 3: on reply
2021-12-01:02:29:47,101 INFO     [node.py:905] ---> 3: receive commit msg from 3
2021-12-01:02:29:47,114 INFO     [node.py:788] ---> 3: ################## PREPARED START ###################
2021-12-01:02:29:47,114 INFO     [node.py:795] ---> 3: receive preprepare msg from 0
2021-12-01:02:29:47,114 INFO     [node.py:798] ---> 3: on prepare
2021-12-01:02:29:47,114 INFO     [node.py:815] ---> 3: -------- BROADCASTING PREPARED MESSAGE TO ALL NODES -------
2021-12-01:02:29:47,114 DEBUG    [node.py:639] make request to 0, commit
2021-12-01:02:29:47,154 INFO     [node.py:895] ---> 3: ################## REPLY START ###################
2021-12-01:02:29:47,154 INFO     [node.py:897] ---> 3: on reply
2021-12-01:02:29:47,154 INFO     [node.py:905] ---> 3: receive commit msg from 0
2021-12-01:02:29:47,164 DEBUG    [node.py:639] make request to 1, commit
2021-12-01:02:29:47,248 INFO     [node.py:895] ---> 3: ################## REPLY START ###################
2021-12-01:02:29:47,249 INFO     [node.py:897] ---> 3: on reply
2021-12-01:02:29:47,249 INFO     [node.py:905] ---> 3: receive commit msg from 1
2021-12-01:02:29:47,265 DEBUG    [node.py:639] make request to 2, commit
2021-12-01:02:29:47,324 INFO     [node.py:895] ---> 3: ################## REPLY START ###################
2021-12-01:02:29:47,326 INFO     [node.py:897] ---> 3: on reply
2021-12-01:02:29:47,327 INFO     [node.py:905] ---> 3: receive commit msg from 2
2021-12-01:02:29:47,332 DEBUG    [node.py:639] make request to 3, commit
2021-12-01:02:29:47,334 INFO     [node.py:836] ---> 3: ################## COMMIT START ###################
2021-12-01:02:29:47,334 INFO     [node.py:838] ---> 3: receive prepare msg from 3
2021-12-01:02:29:47,334 INFO     [node.py:849] ---> 3: on commit
2021-12-01:02:29:47,334 DEBUG    [node.py:639] make request to 0, reply
2021-12-01:02:29:47,338 DEBUG    [node.py:639] make request to 1, reply
2021-12-01:02:29:47,341 DEBUG    [node.py:639] make request to 2, reply
2021-12-01:02:29:47,348 DEBUG    [node.py:639] make request to 3, reply
2021-12-01:02:29:47,366 INFO     [node.py:895] ---> 3: ################## REPLY START ###################
2021-12-01:02:29:47,366 INFO     [node.py:897] ---> 3: on reply
2021-12-01:02:29:47,366 INFO     [node.py:905] ---> 3: receive commit msg from 3
