2021-12-01:02:43:55,747 DEBUG    [node.py:1480] {'nodes': [{'host': 'localhost', 'port': 30001}, {'host': 'localhost', 'port': 30002}, {'host': 'localhost', 'port': 30003}, {'host': 'localhost', 'port': 30004}], 'clients': [{'host': 'localhost', 'port': 20030}], 'loss%': 0, 'ckpt_interval': 1, 'retry_times_before_view_change': 2, 'sync_interval': 5, 'misc': {'network_timeout': 100}}
2021-12-01:02:43:55,772 INFO     [node.py:183] ---> 0: Create checkpoint.
2021-12-01:02:43:55,801 DEBUG    [selector_events.py:59] Using selector: EpollSelector
2021-12-01:02:43:55,803 DEBUG    [selector_events.py:59] Using selector: EpollSelector
2021-12-01:02:43:55,843 ERROR    [base_events.py:1707] Task was destroyed but it is pending!
task: <Task pending name='Task-1' coro=<PBFTHandler.synchronize() running at ./node.py:1163>>
2021-12-01:02:43:55,866 ERROR    [base_events.py:1707] Task was destroyed but it is pending!
task: <Task pending name='Task-2' coro=<PBFTHandler.garbage_collection() running at ./node.py:1360>>
2021-12-01:02:44:07,970 INFO     [node.py:739] ---> 0: handling request from client
2021-12-01:02:44:07,971 INFO     [node.py:705] ---> 0: ################## PREPREPARED START ###################
2021-12-01:02:44:07,971 INFO     [node.py:712] ---> 0: on preprepare, propose at slot: 0
2021-12-01:02:44:07,971 INFO     [node.py:728] ---> 0: -------- BROADCASTING PREPREPARED MESSAGE TO ALL NODES -------
2021-12-01:02:44:07,971 DEBUG    [node.py:639] make request to 0, prepare
2021-12-01:02:44:07,980 INFO     [node.py:788] ---> 0: ################## PREPARED START ###################
2021-12-01:02:44:07,992 INFO     [node.py:795] ---> 0: receive preprepare msg from 0
2021-12-01:02:44:07,995 INFO     [node.py:798] ---> 0: on prepare
2021-12-01:02:44:07,998 INFO     [node.py:815] ---> 0: -------- BROADCASTING PREPARED MESSAGE TO ALL NODES -------
2021-12-01:02:44:07,999 DEBUG    [node.py:639] make request to 0, commit
2021-12-01:02:44:08,41 INFO     [node.py:836] ---> 0: ################## COMMIT START ###################
2021-12-01:02:44:08,44 INFO     [node.py:838] ---> 0: receive prepare msg from 0
2021-12-01:02:44:08,44 INFO     [node.py:849] ---> 0: on commit
2021-12-01:02:44:08,46 DEBUG    [node.py:639] make request to 1, commit
2021-12-01:02:44:08,71 DEBUG    [node.py:639] make request to 2, commit
2021-12-01:02:44:08,85 DEBUG    [node.py:639] make request to 3, commit
2021-12-01:02:44:08,97 DEBUG    [node.py:639] make request to 1, prepare
2021-12-01:02:44:08,104 INFO     [node.py:836] ---> 0: ################## COMMIT START ###################
2021-12-01:02:44:08,104 INFO     [node.py:838] ---> 0: receive prepare msg from 1
2021-12-01:02:44:08,104 INFO     [node.py:849] ---> 0: on commit
2021-12-01:02:44:08,249 DEBUG    [node.py:639] make request to 2, prepare
2021-12-01:02:44:08,271 INFO     [node.py:836] ---> 0: ################## COMMIT START ###################
2021-12-01:02:44:08,271 INFO     [node.py:838] ---> 0: receive prepare msg from 2
2021-12-01:02:44:08,271 INFO     [node.py:849] ---> 0: on commit
2021-12-01:02:44:08,272 DEBUG    [node.py:639] make request to 0, reply
2021-12-01:02:44:08,274 INFO     [node.py:895] ---> 0: ################## REPLY START ###################
2021-12-01:02:44:08,275 INFO     [node.py:897] ---> 0: on reply
2021-12-01:02:44:08,275 INFO     [node.py:905] ---> 0: receive commit msg from 0
2021-12-01:02:44:08,295 DEBUG    [node.py:639] make request to 1, reply
2021-12-01:02:44:08,319 DEBUG    [node.py:639] make request to 2, reply
2021-12-01:02:44:08,342 DEBUG    [node.py:639] make request to 3, reply
2021-12-01:02:44:08,369 INFO     [node.py:895] ---> 0: ################## REPLY START ###################
2021-12-01:02:44:08,369 INFO     [node.py:897] ---> 0: on reply
2021-12-01:02:44:08,369 INFO     [node.py:905] ---> 0: receive commit msg from 1
2021-12-01:02:44:08,453 INFO     [node.py:895] ---> 0: ################## REPLY START ###################
2021-12-01:02:44:08,454 INFO     [node.py:897] ---> 0: on reply
2021-12-01:02:44:08,454 INFO     [node.py:905] ---> 0: receive commit msg from 2
2021-12-01:02:44:08,454 DEBUG    [node.py:930] Add commit certifiacte to slot 0
2021-12-01:02:44:08,455 DEBUG    [node.py:276] sending request to 0, receive_ckpt_vote
2021-12-01:02:44:08,463 INFO     [node.py:1066] ---> 0: receive checkpoint vote.
2021-12-01:02:44:08,463 DEBUG    [node.py:225] ---> 0: Receive checkpoint votes
2021-12-01:02:44:08,466 DEBUG    [node.py:276] sending request to 1, receive_ckpt_vote
2021-12-01:02:44:08,473 DEBUG    [node.py:276] sending request to 2, receive_ckpt_vote
2021-12-01:02:44:08,522 DEBUG    [node.py:276] sending request to 3, receive_ckpt_vote
2021-12-01:02:44:08,548 INFO     [node.py:949] ---> 0: Propose checkpoint with last slot: 0. In addition, current checkpoint's next_slot is: 0
2021-12-01:02:44:08,584 INFO     [node.py:965] 0 reply to http://localhost:20030/reply successfully!!
2021-12-01:02:44:08,606 INFO     [node.py:1066] ---> 0: receive checkpoint vote.
2021-12-01:02:44:08,610 DEBUG    [node.py:225] ---> 0: Receive checkpoint votes
2021-12-01:02:44:08,825 INFO     [node.py:1066] ---> 0: receive checkpoint vote.
2021-12-01:02:44:08,825 DEBUG    [node.py:225] ---> 0: Receive checkpoint votes
2021-12-01:02:44:08,825 INFO     [node.py:239] ---> 0: Update checkpoint by receiving votes
2021-12-01:02:44:09,10 INFO     [node.py:1066] ---> 0: receive checkpoint vote.
2021-12-01:02:44:09,11 DEBUG    [node.py:225] ---> 0: Receive checkpoint votes
2021-12-01:02:44:09,120 INFO     [node.py:895] ---> 0: ################## REPLY START ###################
2021-12-01:02:44:09,120 INFO     [node.py:897] ---> 0: on reply
2021-12-01:02:44:09,120 INFO     [node.py:905] ---> 0: receive commit msg from 3
2021-12-01:02:44:09,194 DEBUG    [node.py:639] make request to 3, prepare
2021-12-01:02:44:09,211 INFO     [node.py:836] ---> 0: ################## COMMIT START ###################
2021-12-01:02:44:09,231 INFO     [node.py:838] ---> 0: receive prepare msg from 3
2021-12-01:02:44:09,231 INFO     [node.py:849] ---> 0: on commit
2021-12-01:02:44:09,231 DEBUG    [node.py:639] make request to 0, reply
2021-12-01:02:44:09,232 INFO     [node.py:895] ---> 0: ################## REPLY START ###################
2021-12-01:02:44:09,233 INFO     [node.py:897] ---> 0: on reply
2021-12-01:02:44:09,233 INFO     [node.py:905] ---> 0: receive commit msg from 0
2021-12-01:02:44:09,234 DEBUG    [node.py:639] make request to 1, reply
2021-12-01:02:44:09,239 DEBUG    [node.py:639] make request to 2, reply
2021-12-01:02:44:09,248 DEBUG    [node.py:639] make request to 3, reply
2021-12-01:02:44:09,269 INFO     [node.py:895] ---> 0: ################## REPLY START ###################
2021-12-01:02:44:09,269 INFO     [node.py:897] ---> 0: on reply
2021-12-01:02:44:09,269 INFO     [node.py:905] ---> 0: receive commit msg from 1
2021-12-01:02:44:09,299 INFO     [node.py:895] ---> 0: ################## REPLY START ###################
2021-12-01:02:44:09,299 INFO     [node.py:897] ---> 0: on reply
2021-12-01:02:44:09,299 INFO     [node.py:905] ---> 0: receive commit msg from 2
2021-12-01:02:44:09,329 INFO     [node.py:895] ---> 0: ################## REPLY START ###################
2021-12-01:02:44:09,330 INFO     [node.py:897] ---> 0: on reply
2021-12-01:02:44:09,330 INFO     [node.py:905] ---> 0: receive commit msg from 3
2021-12-01:02:44:14,452 INFO     [node.py:739] ---> 0: handling request from client
2021-12-01:02:44:14,453 INFO     [node.py:705] ---> 0: ################## PREPREPARED START ###################
2021-12-01:02:44:14,453 INFO     [node.py:712] ---> 0: on preprepare, propose at slot: 1
2021-12-01:02:44:14,464 INFO     [node.py:728] ---> 0: -------- BROADCASTING PREPREPARED MESSAGE TO ALL NODES -------
2021-12-01:02:44:14,467 DEBUG    [node.py:639] make request to 0, prepare
2021-12-01:02:44:14,469 INFO     [node.py:788] ---> 0: ################## PREPARED START ###################
2021-12-01:02:44:14,470 INFO     [node.py:795] ---> 0: receive preprepare msg from 0
2021-12-01:02:44:14,470 INFO     [node.py:798] ---> 0: on prepare
2021-12-01:02:44:14,470 INFO     [node.py:815] ---> 0: -------- BROADCASTING PREPARED MESSAGE TO ALL NODES -------
2021-12-01:02:44:14,470 DEBUG    [node.py:639] make request to 0, commit
2021-12-01:02:44:14,471 INFO     [node.py:836] ---> 0: ################## COMMIT START ###################
2021-12-01:02:44:14,471 INFO     [node.py:838] ---> 0: receive prepare msg from 0
2021-12-01:02:44:14,472 INFO     [node.py:849] ---> 0: on commit
2021-12-01:02:44:14,473 DEBUG    [node.py:639] make request to 1, commit
2021-12-01:02:44:14,488 DEBUG    [node.py:639] make request to 2, commit
2021-12-01:02:44:14,496 DEBUG    [node.py:639] make request to 3, commit
2021-12-01:02:44:14,500 DEBUG    [node.py:639] make request to 1, prepare
2021-12-01:02:44:14,520 INFO     [node.py:836] ---> 0: ################## COMMIT START ###################
2021-12-01:02:44:14,520 INFO     [node.py:838] ---> 0: receive prepare msg from 1
2021-12-01:02:44:14,520 INFO     [node.py:849] ---> 0: on commit
2021-12-01:02:44:14,536 DEBUG    [node.py:639] make request to 2, prepare
2021-12-01:02:44:14,568 INFO     [node.py:836] ---> 0: ################## COMMIT START ###################
2021-12-01:02:44:14,568 INFO     [node.py:838] ---> 0: receive prepare msg from 2
2021-12-01:02:44:14,568 INFO     [node.py:849] ---> 0: on commit
2021-12-01:02:44:14,569 DEBUG    [node.py:639] make request to 0, reply
2021-12-01:02:44:14,570 INFO     [node.py:895] ---> 0: ################## REPLY START ###################
2021-12-01:02:44:14,570 INFO     [node.py:897] ---> 0: on reply
2021-12-01:02:44:14,570 INFO     [node.py:905] ---> 0: receive commit msg from 0
2021-12-01:02:44:14,571 DEBUG    [node.py:639] make request to 1, reply
2021-12-01:02:44:14,582 DEBUG    [node.py:639] make request to 2, reply
2021-12-01:02:44:14,587 DEBUG    [node.py:639] make request to 3, reply
2021-12-01:02:44:14,610 INFO     [node.py:895] ---> 0: ################## REPLY START ###################
2021-12-01:02:44:14,611 INFO     [node.py:897] ---> 0: on reply
2021-12-01:02:44:14,611 INFO     [node.py:905] ---> 0: receive commit msg from 1
2021-12-01:02:44:14,650 INFO     [node.py:895] ---> 0: ################## REPLY START ###################
2021-12-01:02:44:14,650 INFO     [node.py:897] ---> 0: on reply
2021-12-01:02:44:14,650 INFO     [node.py:905] ---> 0: receive commit msg from 2
2021-12-01:02:44:14,651 DEBUG    [node.py:930] Add commit certifiacte to slot 1
2021-12-01:02:44:14,651 DEBUG    [node.py:276] sending request to 0, receive_ckpt_vote
2021-12-01:02:44:14,653 INFO     [node.py:1066] ---> 0: receive checkpoint vote.
2021-12-01:02:44:14,653 DEBUG    [node.py:225] ---> 0: Receive checkpoint votes
2021-12-01:02:44:14,654 DEBUG    [node.py:276] sending request to 1, receive_ckpt_vote
2021-12-01:02:44:14,672 DEBUG    [node.py:276] sending request to 2, receive_ckpt_vote
2021-12-01:02:44:14,690 DEBUG    [node.py:276] sending request to 3, receive_ckpt_vote
2021-12-01:02:44:14,700 INFO     [node.py:949] ---> 0: Propose checkpoint with last slot: 1. In addition, current checkpoint's next_slot is: 1
2021-12-01:02:44:14,719 INFO     [node.py:965] 0 reply to http://localhost:20030/reply successfully!!
2021-12-01:02:44:14,738 INFO     [node.py:1066] ---> 0: receive checkpoint vote.
2021-12-01:02:44:14,738 DEBUG    [node.py:225] ---> 0: Receive checkpoint votes
2021-12-01:02:44:14,801 INFO     [node.py:1066] ---> 0: receive checkpoint vote.
2021-12-01:02:44:14,801 DEBUG    [node.py:225] ---> 0: Receive checkpoint votes
2021-12-01:02:44:14,801 INFO     [node.py:239] ---> 0: Update checkpoint by receiving votes
2021-12-01:02:44:14,872 INFO     [node.py:1066] ---> 0: receive checkpoint vote.
2021-12-01:02:44:14,872 DEBUG    [node.py:225] ---> 0: Receive checkpoint votes
2021-12-01:02:44:14,921 INFO     [node.py:895] ---> 0: ################## REPLY START ###################
2021-12-01:02:44:14,921 INFO     [node.py:897] ---> 0: on reply
2021-12-01:02:44:14,921 INFO     [node.py:905] ---> 0: receive commit msg from 3
2021-12-01:02:44:14,964 DEBUG    [node.py:639] make request to 3, prepare
2021-12-01:02:44:14,967 INFO     [node.py:836] ---> 0: ################## COMMIT START ###################
2021-12-01:02:44:14,967 INFO     [node.py:838] ---> 0: receive prepare msg from 3
2021-12-01:02:44:14,967 INFO     [node.py:849] ---> 0: on commit
2021-12-01:02:44:14,968 DEBUG    [node.py:639] make request to 0, reply
2021-12-01:02:44:14,969 INFO     [node.py:895] ---> 0: ################## REPLY START ###################
2021-12-01:02:44:14,969 INFO     [node.py:897] ---> 0: on reply
2021-12-01:02:44:14,969 INFO     [node.py:905] ---> 0: receive commit msg from 0
2021-12-01:02:44:14,970 DEBUG    [node.py:639] make request to 1, reply
2021-12-01:02:44:14,973 DEBUG    [node.py:639] make request to 2, reply
2021-12-01:02:44:14,987 DEBUG    [node.py:639] make request to 3, reply
2021-12-01:02:44:15,14 INFO     [node.py:895] ---> 0: ################## REPLY START ###################
2021-12-01:02:44:15,15 INFO     [node.py:897] ---> 0: on reply
2021-12-01:02:44:15,15 INFO     [node.py:905] ---> 0: receive commit msg from 1
2021-12-01:02:44:15,32 INFO     [node.py:895] ---> 0: ################## REPLY START ###################
2021-12-01:02:44:15,32 INFO     [node.py:897] ---> 0: on reply
2021-12-01:02:44:15,32 INFO     [node.py:905] ---> 0: receive commit msg from 2
2021-12-01:02:44:15,55 INFO     [node.py:895] ---> 0: ################## REPLY START ###################
2021-12-01:02:44:15,55 INFO     [node.py:897] ---> 0: on reply
2021-12-01:02:44:15,55 INFO     [node.py:905] ---> 0: receive commit msg from 3
2021-12-01:02:44:20,166 INFO     [node.py:739] ---> 0: handling request from client
2021-12-01:02:44:20,166 INFO     [node.py:705] ---> 0: ################## PREPREPARED START ###################
2021-12-01:02:44:20,166 INFO     [node.py:712] ---> 0: on preprepare, propose at slot: 2
2021-12-01:02:44:20,166 INFO     [node.py:728] ---> 0: -------- BROADCASTING PREPREPARED MESSAGE TO ALL NODES -------
2021-12-01:02:44:20,167 DEBUG    [node.py:639] make request to 0, prepare
2021-12-01:02:44:20,168 INFO     [node.py:788] ---> 0: ################## PREPARED START ###################
2021-12-01:02:44:20,168 INFO     [node.py:795] ---> 0: receive preprepare msg from 0
2021-12-01:02:44:20,168 INFO     [node.py:798] ---> 0: on prepare
2021-12-01:02:44:20,169 INFO     [node.py:815] ---> 0: -------- BROADCASTING PREPARED MESSAGE TO ALL NODES -------
2021-12-01:02:44:20,169 DEBUG    [node.py:639] make request to 0, commit
2021-12-01:02:44:20,170 INFO     [node.py:836] ---> 0: ################## COMMIT START ###################
2021-12-01:02:44:20,170 INFO     [node.py:838] ---> 0: receive prepare msg from 0
2021-12-01:02:44:20,170 INFO     [node.py:849] ---> 0: on commit
2021-12-01:02:44:20,171 DEBUG    [node.py:639] make request to 1, commit
2021-12-01:02:44:20,195 DEBUG    [node.py:639] make request to 2, commit
2021-12-01:02:44:20,199 DEBUG    [node.py:639] make request to 3, commit
2021-12-01:02:44:20,217 DEBUG    [node.py:639] make request to 1, prepare
2021-12-01:02:44:20,240 INFO     [node.py:836] ---> 0: ################## COMMIT START ###################
2021-12-01:02:44:20,240 INFO     [node.py:838] ---> 0: receive prepare msg from 1
2021-12-01:02:44:20,240 INFO     [node.py:849] ---> 0: on commit
2021-12-01:02:44:20,266 DEBUG    [node.py:639] make request to 2, prepare
2021-12-01:02:44:20,270 INFO     [node.py:836] ---> 0: ################## COMMIT START ###################
2021-12-01:02:44:20,270 INFO     [node.py:838] ---> 0: receive prepare msg from 2
2021-12-01:02:44:20,270 INFO     [node.py:849] ---> 0: on commit
2021-12-01:02:44:20,270 DEBUG    [node.py:639] make request to 0, reply
2021-12-01:02:44:20,272 INFO     [node.py:895] ---> 0: ################## REPLY START ###################
2021-12-01:02:44:20,272 INFO     [node.py:897] ---> 0: on reply
2021-12-01:02:44:20,272 INFO     [node.py:905] ---> 0: receive commit msg from 0
2021-12-01:02:44:20,282 DEBUG    [node.py:639] make request to 1, reply
2021-12-01:02:44:20,287 DEBUG    [node.py:639] make request to 2, reply
2021-12-01:02:44:20,317 DEBUG    [node.py:639] make request to 3, reply
2021-12-01:02:44:20,345 INFO     [node.py:895] ---> 0: ################## REPLY START ###################
2021-12-01:02:44:20,346 INFO     [node.py:897] ---> 0: on reply
2021-12-01:02:44:20,346 INFO     [node.py:905] ---> 0: receive commit msg from 1
2021-12-01:02:44:20,372 INFO     [node.py:895] ---> 0: ################## REPLY START ###################
2021-12-01:02:44:20,372 INFO     [node.py:897] ---> 0: on reply
2021-12-01:02:44:20,372 INFO     [node.py:905] ---> 0: receive commit msg from 2
2021-12-01:02:44:20,373 DEBUG    [node.py:930] Add commit certifiacte to slot 2
2021-12-01:02:44:20,377 DEBUG    [node.py:276] sending request to 0, receive_ckpt_vote
2021-12-01:02:44:20,378 INFO     [node.py:1066] ---> 0: receive checkpoint vote.
2021-12-01:02:44:20,388 DEBUG    [node.py:225] ---> 0: Receive checkpoint votes
2021-12-01:02:44:20,391 DEBUG    [node.py:276] sending request to 1, receive_ckpt_vote
2021-12-01:02:44:20,397 DEBUG    [node.py:276] sending request to 2, receive_ckpt_vote
2021-12-01:02:44:20,400 DEBUG    [node.py:276] sending request to 3, receive_ckpt_vote
2021-12-01:02:44:20,409 INFO     [node.py:949] ---> 0: Propose checkpoint with last slot: 2. In addition, current checkpoint's next_slot is: 2
2021-12-01:02:44:20,432 INFO     [node.py:965] 0 reply to http://localhost:20030/reply successfully!!
2021-12-01:02:44:20,448 INFO     [node.py:1066] ---> 0: receive checkpoint vote.
2021-12-01:02:44:20,448 DEBUG    [node.py:225] ---> 0: Receive checkpoint votes
2021-12-01:02:44:20,489 INFO     [node.py:1066] ---> 0: receive checkpoint vote.
2021-12-01:02:44:20,490 DEBUG    [node.py:225] ---> 0: Receive checkpoint votes
2021-12-01:02:44:20,490 INFO     [node.py:239] ---> 0: Update checkpoint by receiving votes
2021-12-01:02:44:20,591 INFO     [node.py:1066] ---> 0: receive checkpoint vote.
2021-12-01:02:44:20,591 DEBUG    [node.py:225] ---> 0: Receive checkpoint votes
2021-12-01:02:44:20,662 INFO     [node.py:895] ---> 0: ################## REPLY START ###################
2021-12-01:02:44:20,664 INFO     [node.py:897] ---> 0: on reply
2021-12-01:02:44:20,664 INFO     [node.py:905] ---> 0: receive commit msg from 3
2021-12-01:02:44:20,704 DEBUG    [node.py:639] make request to 3, prepare
2021-12-01:02:44:20,719 INFO     [node.py:836] ---> 0: ################## COMMIT START ###################
2021-12-01:02:44:20,723 INFO     [node.py:838] ---> 0: receive prepare msg from 3
2021-12-01:02:44:20,723 INFO     [node.py:849] ---> 0: on commit
2021-12-01:02:44:20,723 DEBUG    [node.py:639] make request to 0, reply
2021-12-01:02:44:20,724 INFO     [node.py:895] ---> 0: ################## REPLY START ###################
2021-12-01:02:44:20,724 INFO     [node.py:897] ---> 0: on reply
2021-12-01:02:44:20,725 INFO     [node.py:905] ---> 0: receive commit msg from 0
2021-12-01:02:44:20,727 DEBUG    [node.py:639] make request to 1, reply
2021-12-01:02:44:20,734 DEBUG    [node.py:639] make request to 2, reply
2021-12-01:02:44:20,739 DEBUG    [node.py:639] make request to 3, reply
2021-12-01:02:44:20,765 INFO     [node.py:895] ---> 0: ################## REPLY START ###################
2021-12-01:02:44:20,765 INFO     [node.py:897] ---> 0: on reply
2021-12-01:02:44:20,766 INFO     [node.py:905] ---> 0: receive commit msg from 1
2021-12-01:02:44:20,793 INFO     [node.py:895] ---> 0: ################## REPLY START ###################
2021-12-01:02:44:20,793 INFO     [node.py:897] ---> 0: on reply
2021-12-01:02:44:20,793 INFO     [node.py:905] ---> 0: receive commit msg from 2
2021-12-01:02:44:20,827 INFO     [node.py:895] ---> 0: ################## REPLY START ###################
2021-12-01:02:44:20,827 INFO     [node.py:897] ---> 0: on reply
2021-12-01:02:44:20,827 INFO     [node.py:905] ---> 0: receive commit msg from 3
