2021-12-01:02:43:55,714 DEBUG    [node.py:1480] {'nodes': [{'host': 'localhost', 'port': 30001}, {'host': 'localhost', 'port': 30002}, {'host': 'localhost', 'port': 30003}, {'host': 'localhost', 'port': 30004}], 'clients': [{'host': 'localhost', 'port': 20030}], 'loss%': 0, 'ckpt_interval': 1, 'retry_times_before_view_change': 2, 'sync_interval': 5, 'misc': {'network_timeout': 100}}
2021-12-01:02:43:55,718 INFO     [node.py:183] ---> 1: Create checkpoint.
2021-12-01:02:43:55,720 DEBUG    [selector_events.py:59] Using selector: EpollSelector
2021-12-01:02:43:55,737 DEBUG    [selector_events.py:59] Using selector: EpollSelector
2021-12-01:02:43:55,753 ERROR    [base_events.py:1707] Task was destroyed but it is pending!
task: <Task pending name='Task-1' coro=<PBFTHandler.synchronize() running at ./node.py:1163>>
2021-12-01:02:43:55,762 ERROR    [base_events.py:1707] Task was destroyed but it is pending!
task: <Task pending name='Task-2' coro=<PBFTHandler.garbage_collection() running at ./node.py:1360>>
2021-12-01:02:44:08,68 INFO     [node.py:836] ---> 1: ################## COMMIT START ###################
2021-12-01:02:44:08,68 INFO     [node.py:838] ---> 1: receive prepare msg from 0
2021-12-01:02:44:08,68 INFO     [node.py:849] ---> 1: on commit
2021-12-01:02:44:08,99 INFO     [node.py:788] ---> 1: ################## PREPARED START ###################
2021-12-01:02:44:08,100 INFO     [node.py:795] ---> 1: receive preprepare msg from 0
2021-12-01:02:44:08,100 INFO     [node.py:798] ---> 1: on prepare
2021-12-01:02:44:08,100 INFO     [node.py:815] ---> 1: -------- BROADCASTING PREPARED MESSAGE TO ALL NODES -------
2021-12-01:02:44:08,100 DEBUG    [node.py:639] make request to 0, commit
2021-12-01:02:44:08,109 DEBUG    [node.py:639] make request to 1, commit
2021-12-01:02:44:08,135 INFO     [node.py:836] ---> 1: ################## COMMIT START ###################
2021-12-01:02:44:08,136 INFO     [node.py:838] ---> 1: receive prepare msg from 1
2021-12-01:02:44:08,136 INFO     [node.py:849] ---> 1: on commit
2021-12-01:02:44:08,154 DEBUG    [node.py:639] make request to 2, commit
2021-12-01:02:44:08,193 DEBUG    [node.py:639] make request to 3, commit
2021-12-01:02:44:08,317 INFO     [node.py:895] ---> 1: ################## REPLY START ###################
2021-12-01:02:44:08,317 INFO     [node.py:897] ---> 1: on reply
2021-12-01:02:44:08,317 INFO     [node.py:905] ---> 1: receive commit msg from 0
2021-12-01:02:44:08,367 INFO     [node.py:836] ---> 1: ################## COMMIT START ###################
2021-12-01:02:44:08,367 INFO     [node.py:838] ---> 1: receive prepare msg from 2
2021-12-01:02:44:08,367 INFO     [node.py:849] ---> 1: on commit
2021-12-01:02:44:08,367 DEBUG    [node.py:639] make request to 0, reply
2021-12-01:02:44:08,372 DEBUG    [node.py:639] make request to 1, reply
2021-12-01:02:44:08,379 INFO     [node.py:895] ---> 1: ################## REPLY START ###################
2021-12-01:02:44:08,380 INFO     [node.py:897] ---> 1: on reply
2021-12-01:02:44:08,380 INFO     [node.py:905] ---> 1: receive commit msg from 1
2021-12-01:02:44:08,386 DEBUG    [node.py:639] make request to 2, reply
2021-12-01:02:44:08,396 DEBUG    [node.py:639] make request to 3, reply
2021-12-01:02:44:08,471 INFO     [node.py:1066] ---> 1: receive checkpoint vote.
2021-12-01:02:44:08,471 DEBUG    [node.py:225] ---> 1: Receive checkpoint votes
2021-12-01:02:44:08,588 INFO     [node.py:895] ---> 1: ################## REPLY START ###################
2021-12-01:02:44:08,588 INFO     [node.py:897] ---> 1: on reply
2021-12-01:02:44:08,588 INFO     [node.py:905] ---> 1: receive commit msg from 2
2021-12-01:02:44:08,588 DEBUG    [node.py:930] Add commit certifiacte to slot 0
2021-12-01:02:44:08,590 DEBUG    [node.py:276] sending request to 0, receive_ckpt_vote
2021-12-01:02:44:08,614 DEBUG    [node.py:276] sending request to 1, receive_ckpt_vote
2021-12-01:02:44:08,665 INFO     [node.py:1066] ---> 1: receive checkpoint vote.
2021-12-01:02:44:08,671 DEBUG    [node.py:225] ---> 1: Receive checkpoint votes
2021-12-01:02:44:08,672 DEBUG    [node.py:276] sending request to 2, receive_ckpt_vote
2021-12-01:02:44:08,694 DEBUG    [node.py:276] sending request to 3, receive_ckpt_vote
2021-12-01:02:44:08,711 INFO     [node.py:949] ---> 1: Propose checkpoint with last slot: 0. In addition, current checkpoint's next_slot is: 0
2021-12-01:02:44:08,722 INFO     [node.py:965] 1 reply to http://localhost:20030/reply successfully!!
2021-12-01:02:44:08,835 INFO     [node.py:1066] ---> 1: receive checkpoint vote.
2021-12-01:02:44:08,837 DEBUG    [node.py:225] ---> 1: Receive checkpoint votes
2021-12-01:02:44:08,837 INFO     [node.py:239] ---> 1: Update checkpoint by receiving votes
2021-12-01:02:44:09,18 INFO     [node.py:1066] ---> 1: receive checkpoint vote.
2021-12-01:02:44:09,18 DEBUG    [node.py:225] ---> 1: Receive checkpoint votes
2021-12-01:02:44:09,134 INFO     [node.py:895] ---> 1: ################## REPLY START ###################
2021-12-01:02:44:09,134 INFO     [node.py:897] ---> 1: on reply
2021-12-01:02:44:09,134 INFO     [node.py:905] ---> 1: receive commit msg from 3
2021-12-01:02:44:09,237 INFO     [node.py:895] ---> 1: ################## REPLY START ###################
2021-12-01:02:44:09,238 INFO     [node.py:897] ---> 1: on reply
2021-12-01:02:44:09,238 INFO     [node.py:905] ---> 1: receive commit msg from 0
2021-12-01:02:44:09,260 INFO     [node.py:836] ---> 1: ################## COMMIT START ###################
2021-12-01:02:44:09,260 INFO     [node.py:838] ---> 1: receive prepare msg from 3
2021-12-01:02:44:09,261 INFO     [node.py:849] ---> 1: on commit
2021-12-01:02:44:09,261 DEBUG    [node.py:639] make request to 0, reply
2021-12-01:02:44:09,271 DEBUG    [node.py:639] make request to 1, reply
2021-12-01:02:44:09,273 INFO     [node.py:895] ---> 1: ################## REPLY START ###################
2021-12-01:02:44:09,274 INFO     [node.py:897] ---> 1: on reply
2021-12-01:02:44:09,274 INFO     [node.py:905] ---> 1: receive commit msg from 1
2021-12-01:02:44:09,275 DEBUG    [node.py:639] make request to 2, reply
2021-12-01:02:44:09,279 DEBUG    [node.py:639] make request to 3, reply
2021-12-01:02:44:09,301 INFO     [node.py:895] ---> 1: ################## REPLY START ###################
2021-12-01:02:44:09,302 INFO     [node.py:897] ---> 1: on reply
2021-12-01:02:44:09,302 INFO     [node.py:905] ---> 1: receive commit msg from 2
2021-12-01:02:44:09,337 INFO     [node.py:895] ---> 1: ################## REPLY START ###################
2021-12-01:02:44:09,337 INFO     [node.py:897] ---> 1: on reply
2021-12-01:02:44:09,337 INFO     [node.py:905] ---> 1: receive commit msg from 3
2021-12-01:02:44:14,486 INFO     [node.py:836] ---> 1: ################## COMMIT START ###################
2021-12-01:02:44:14,487 INFO     [node.py:838] ---> 1: receive prepare msg from 0
2021-12-01:02:44:14,487 INFO     [node.py:849] ---> 1: on commit
2021-12-01:02:44:14,503 INFO     [node.py:788] ---> 1: ################## PREPARED START ###################
2021-12-01:02:44:14,503 INFO     [node.py:795] ---> 1: receive preprepare msg from 0
2021-12-01:02:44:14,503 INFO     [node.py:798] ---> 1: on prepare
2021-12-01:02:44:14,503 INFO     [node.py:815] ---> 1: -------- BROADCASTING PREPARED MESSAGE TO ALL NODES -------
2021-12-01:02:44:14,503 DEBUG    [node.py:639] make request to 0, commit
2021-12-01:02:44:14,521 DEBUG    [node.py:639] make request to 1, commit
2021-12-01:02:44:14,522 INFO     [node.py:836] ---> 1: ################## COMMIT START ###################
2021-12-01:02:44:14,522 INFO     [node.py:838] ---> 1: receive prepare msg from 1
2021-12-01:02:44:14,522 INFO     [node.py:849] ---> 1: on commit
2021-12-01:02:44:14,523 DEBUG    [node.py:639] make request to 2, commit
2021-12-01:02:44:14,529 DEBUG    [node.py:639] make request to 3, commit
2021-12-01:02:44:14,573 INFO     [node.py:895] ---> 1: ################## REPLY START ###################
2021-12-01:02:44:14,580 INFO     [node.py:897] ---> 1: on reply
2021-12-01:02:44:14,580 INFO     [node.py:905] ---> 1: receive commit msg from 0
2021-12-01:02:44:14,604 INFO     [node.py:836] ---> 1: ################## COMMIT START ###################
2021-12-01:02:44:14,604 INFO     [node.py:838] ---> 1: receive prepare msg from 2
2021-12-01:02:44:14,605 INFO     [node.py:849] ---> 1: on commit
2021-12-01:02:44:14,605 DEBUG    [node.py:639] make request to 0, reply
2021-12-01:02:44:14,612 DEBUG    [node.py:639] make request to 1, reply
2021-12-01:02:44:14,616 INFO     [node.py:895] ---> 1: ################## REPLY START ###################
2021-12-01:02:44:14,616 INFO     [node.py:897] ---> 1: on reply
2021-12-01:02:44:14,616 INFO     [node.py:905] ---> 1: receive commit msg from 1
2021-12-01:02:44:14,617 DEBUG    [node.py:639] make request to 2, reply
2021-12-01:02:44:14,622 DEBUG    [node.py:639] make request to 3, reply
2021-12-01:02:44:14,666 INFO     [node.py:1066] ---> 1: receive checkpoint vote.
2021-12-01:02:44:14,666 DEBUG    [node.py:225] ---> 1: Receive checkpoint votes
2021-12-01:02:44:14,734 INFO     [node.py:895] ---> 1: ################## REPLY START ###################
2021-12-01:02:44:14,734 INFO     [node.py:897] ---> 1: on reply
2021-12-01:02:44:14,734 INFO     [node.py:905] ---> 1: receive commit msg from 2
2021-12-01:02:44:14,735 DEBUG    [node.py:930] Add commit certifiacte to slot 1
2021-12-01:02:44:14,735 DEBUG    [node.py:276] sending request to 0, receive_ckpt_vote
2021-12-01:02:44:14,739 DEBUG    [node.py:276] sending request to 1, receive_ckpt_vote
2021-12-01:02:44:14,746 INFO     [node.py:1066] ---> 1: receive checkpoint vote.
2021-12-01:02:44:14,759 DEBUG    [node.py:225] ---> 1: Receive checkpoint votes
2021-12-01:02:44:14,760 DEBUG    [node.py:276] sending request to 2, receive_ckpt_vote
2021-12-01:02:44:14,769 DEBUG    [node.py:276] sending request to 3, receive_ckpt_vote
2021-12-01:02:44:14,773 INFO     [node.py:949] ---> 1: Propose checkpoint with last slot: 1. In addition, current checkpoint's next_slot is: 1
2021-12-01:02:44:14,797 INFO     [node.py:965] 1 reply to http://localhost:20030/reply successfully!!
2021-12-01:02:44:14,804 INFO     [node.py:1066] ---> 1: receive checkpoint vote.
2021-12-01:02:44:14,804 DEBUG    [node.py:225] ---> 1: Receive checkpoint votes
2021-12-01:02:44:14,805 INFO     [node.py:239] ---> 1: Update checkpoint by receiving votes
2021-12-01:02:44:14,880 INFO     [node.py:1066] ---> 1: receive checkpoint vote.
2021-12-01:02:44:14,880 DEBUG    [node.py:225] ---> 1: Receive checkpoint votes
2021-12-01:02:44:14,927 INFO     [node.py:895] ---> 1: ################## REPLY START ###################
2021-12-01:02:44:14,930 INFO     [node.py:897] ---> 1: on reply
2021-12-01:02:44:14,931 INFO     [node.py:905] ---> 1: receive commit msg from 3
2021-12-01:02:44:14,971 INFO     [node.py:895] ---> 1: ################## REPLY START ###################
2021-12-01:02:44:14,972 INFO     [node.py:897] ---> 1: on reply
2021-12-01:02:44:14,972 INFO     [node.py:905] ---> 1: receive commit msg from 0
2021-12-01:02:44:15,13 INFO     [node.py:836] ---> 1: ################## COMMIT START ###################
2021-12-01:02:44:15,13 INFO     [node.py:838] ---> 1: receive prepare msg from 3
2021-12-01:02:44:15,13 INFO     [node.py:849] ---> 1: on commit
2021-12-01:02:44:15,13 DEBUG    [node.py:639] make request to 0, reply
2021-12-01:02:44:15,15 DEBUG    [node.py:639] make request to 1, reply
2021-12-01:02:44:15,17 INFO     [node.py:895] ---> 1: ################## REPLY START ###################
2021-12-01:02:44:15,17 INFO     [node.py:897] ---> 1: on reply
2021-12-01:02:44:15,18 INFO     [node.py:905] ---> 1: receive commit msg from 1
2021-12-01:02:44:15,18 DEBUG    [node.py:639] make request to 2, reply
2021-12-01:02:44:15,21 DEBUG    [node.py:639] make request to 3, reply
2021-12-01:02:44:15,35 INFO     [node.py:895] ---> 1: ################## REPLY START ###################
2021-12-01:02:44:15,35 INFO     [node.py:897] ---> 1: on reply
2021-12-01:02:44:15,35 INFO     [node.py:905] ---> 1: receive commit msg from 2
2021-12-01:02:44:15,72 INFO     [node.py:895] ---> 1: ################## REPLY START ###################
2021-12-01:02:44:15,72 INFO     [node.py:897] ---> 1: on reply
2021-12-01:02:44:15,72 INFO     [node.py:905] ---> 1: receive commit msg from 3
2021-12-01:02:44:20,172 INFO     [node.py:836] ---> 1: ################## COMMIT START ###################
2021-12-01:02:44:20,172 INFO     [node.py:838] ---> 1: receive prepare msg from 0
2021-12-01:02:44:20,172 INFO     [node.py:849] ---> 1: on commit
2021-12-01:02:44:20,236 INFO     [node.py:788] ---> 1: ################## PREPARED START ###################
2021-12-01:02:44:20,236 INFO     [node.py:795] ---> 1: receive preprepare msg from 0
2021-12-01:02:44:20,236 INFO     [node.py:798] ---> 1: on prepare
2021-12-01:02:44:20,237 INFO     [node.py:815] ---> 1: -------- BROADCASTING PREPARED MESSAGE TO ALL NODES -------
2021-12-01:02:44:20,237 DEBUG    [node.py:639] make request to 0, commit
2021-12-01:02:44:20,241 DEBUG    [node.py:639] make request to 1, commit
2021-12-01:02:44:20,243 INFO     [node.py:836] ---> 1: ################## COMMIT START ###################
2021-12-01:02:44:20,243 INFO     [node.py:838] ---> 1: receive prepare msg from 1
2021-12-01:02:44:20,243 INFO     [node.py:849] ---> 1: on commit
2021-12-01:02:44:20,244 DEBUG    [node.py:639] make request to 2, commit
2021-12-01:02:44:20,257 DEBUG    [node.py:639] make request to 3, commit
2021-12-01:02:44:20,285 INFO     [node.py:895] ---> 1: ################## REPLY START ###################
2021-12-01:02:44:20,286 INFO     [node.py:897] ---> 1: on reply
2021-12-01:02:44:20,286 INFO     [node.py:905] ---> 1: receive commit msg from 0
2021-12-01:02:44:20,342 INFO     [node.py:836] ---> 1: ################## COMMIT START ###################
2021-12-01:02:44:20,343 INFO     [node.py:838] ---> 1: receive prepare msg from 2
2021-12-01:02:44:20,343 INFO     [node.py:849] ---> 1: on commit
2021-12-01:02:44:20,343 DEBUG    [node.py:639] make request to 0, reply
2021-12-01:02:44:20,346 DEBUG    [node.py:639] make request to 1, reply
2021-12-01:02:44:20,347 INFO     [node.py:895] ---> 1: ################## REPLY START ###################
2021-12-01:02:44:20,348 INFO     [node.py:897] ---> 1: on reply
2021-12-01:02:44:20,348 INFO     [node.py:905] ---> 1: receive commit msg from 1
2021-12-01:02:44:20,348 DEBUG    [node.py:639] make request to 2, reply
2021-12-01:02:44:20,354 DEBUG    [node.py:639] make request to 3, reply
2021-12-01:02:44:20,393 INFO     [node.py:1066] ---> 1: receive checkpoint vote.
2021-12-01:02:44:20,393 DEBUG    [node.py:225] ---> 1: Receive checkpoint votes
2021-12-01:02:44:20,435 INFO     [node.py:895] ---> 1: ################## REPLY START ###################
2021-12-01:02:44:20,435 INFO     [node.py:897] ---> 1: on reply
2021-12-01:02:44:20,436 INFO     [node.py:905] ---> 1: receive commit msg from 2
2021-12-01:02:44:20,436 DEBUG    [node.py:930] Add commit certifiacte to slot 2
2021-12-01:02:44:20,436 DEBUG    [node.py:276] sending request to 0, receive_ckpt_vote
2021-12-01:02:44:20,449 DEBUG    [node.py:276] sending request to 1, receive_ckpt_vote
2021-12-01:02:44:20,451 INFO     [node.py:1066] ---> 1: receive checkpoint vote.
2021-12-01:02:44:20,451 DEBUG    [node.py:225] ---> 1: Receive checkpoint votes
2021-12-01:02:44:20,451 DEBUG    [node.py:276] sending request to 2, receive_ckpt_vote
2021-12-01:02:44:20,455 DEBUG    [node.py:276] sending request to 3, receive_ckpt_vote
2021-12-01:02:44:20,462 INFO     [node.py:949] ---> 1: Propose checkpoint with last slot: 2. In addition, current checkpoint's next_slot is: 2
2021-12-01:02:44:20,485 INFO     [node.py:965] 1 reply to http://localhost:20030/reply successfully!!
2021-12-01:02:44:20,515 INFO     [node.py:1066] ---> 1: receive checkpoint vote.
2021-12-01:02:44:20,515 DEBUG    [node.py:225] ---> 1: Receive checkpoint votes
2021-12-01:02:44:20,516 INFO     [node.py:239] ---> 1: Update checkpoint by receiving votes
2021-12-01:02:44:20,597 INFO     [node.py:1066] ---> 1: receive checkpoint vote.
2021-12-01:02:44:20,598 DEBUG    [node.py:225] ---> 1: Receive checkpoint votes
2021-12-01:02:44:20,675 INFO     [node.py:895] ---> 1: ################## REPLY START ###################
2021-12-01:02:44:20,688 INFO     [node.py:897] ---> 1: on reply
2021-12-01:02:44:20,688 INFO     [node.py:905] ---> 1: receive commit msg from 3
2021-12-01:02:44:20,729 INFO     [node.py:895] ---> 1: ################## REPLY START ###################
2021-12-01:02:44:20,731 INFO     [node.py:897] ---> 1: on reply
2021-12-01:02:44:20,732 INFO     [node.py:905] ---> 1: receive commit msg from 0
2021-12-01:02:44:20,763 INFO     [node.py:836] ---> 1: ################## COMMIT START ###################
2021-12-01:02:44:20,763 INFO     [node.py:838] ---> 1: receive prepare msg from 3
2021-12-01:02:44:20,763 INFO     [node.py:849] ---> 1: on commit
2021-12-01:02:44:20,763 DEBUG    [node.py:639] make request to 0, reply
2021-12-01:02:44:20,766 DEBUG    [node.py:639] make request to 1, reply
2021-12-01:02:44:20,767 INFO     [node.py:895] ---> 1: ################## REPLY START ###################
2021-12-01:02:44:20,767 INFO     [node.py:897] ---> 1: on reply
2021-12-01:02:44:20,767 INFO     [node.py:905] ---> 1: receive commit msg from 1
2021-12-01:02:44:20,768 DEBUG    [node.py:639] make request to 2, reply
2021-12-01:02:44:20,770 DEBUG    [node.py:639] make request to 3, reply
2021-12-01:02:44:20,797 INFO     [node.py:895] ---> 1: ################## REPLY START ###################
2021-12-01:02:44:20,798 INFO     [node.py:897] ---> 1: on reply
2021-12-01:02:44:20,798 INFO     [node.py:905] ---> 1: receive commit msg from 2
2021-12-01:02:44:20,855 INFO     [node.py:895] ---> 1: ################## REPLY START ###################
2021-12-01:02:44:20,856 INFO     [node.py:897] ---> 1: on reply
2021-12-01:02:44:20,856 INFO     [node.py:905] ---> 1: receive commit msg from 3
